#
# A fatal error has been detected by the Java Runtime Environment:
#
#  SIGSEGV (0xb) at pc=0x00007f1d9622dbdc, pid=5149, tid=0x00007f1d97775700
#
# JRE version: Java(TM) SE Runtime Environment (8.0_92-b14) (build 1.8.0_92-b14)
# Java VM: Java HotSpot(TM) 64-Bit Server VM (25.92-b14 mixed mode linux-amd64 compressed oops)
# Problematic frame:
# V  [libjvm.so+0x697bdc]  java_lang_String::equals(oopDesc*, unsigned short*, int)+0x11c
#
# Failed to write core dump. Core dumps have been disabled. To enable core dumping, try "ulimit -c unlimited" before starting Java again
#
# If you would like to submit a bug report, please visit:
#   http://bugreport.java.com/bugreport/crash.jsp
#

---------------  T H R E A D  ---------------

Current thread (0x00007f1d9000a000):  JavaThread "main" [_thread_in_vm, id=5157, stack(0x00007f1d97675000,0x00007f1d97776000)]

siginfo: si_signo: 11 (SIGSEGV), si_code: 1 (SEGV_MAPERR), si_addr: 0x000000000000000c

Registers:
RAX=0x0000000000000000, RBX=0x00007f1d34028480, RCX=0x0000000000000000, RDX=0x0000000000000010
RSP=0x00007f1d97773870, RBP=0x00007f1d97773870, RSI=0x00007f1d90007600, RDI=0x0000000000000000
R8 =0x000000000000000c, R9 =0x0000000000000000, R10=0x0000000000000000, R11=0x0000000000000001
R12=0x0000000000000000, R13=0x0000000083d61705, R14=0x00007f1d90026b90, R15=0x0000000000000010
RIP=0x00007f1d9622dbdc, EFLAGS=0x0000000000010246, CSGSFS=0x0000000000000033, ERR=0x0000000000000004
  TRAPNO=0x000000000000000e

Top of Stack: (sp=0x00007f1d97773870)
0x00007f1d97773870:   00007f1d977738e0 00007f1d965be646
0x00007f1d97773880:   00007f1d9000a000 00000000eaec7fc8
0x00007f1d97773890:   00001a6d9777391c 00007f1d9000a000
0x00007f1d977738a0:   00007f1d90007600 00007f1d9000a7b0
0x00007f1d977738b0:   00000000eaec5640 00007f1d9000a7b0
0x00007f1d977738c0:   00007f1d90008c00 00000000eaec7fb0
0x00007f1d977738d0:   00007f1d9000a000 00007f1d900075f0
0x00007f1d977738e0:   00007f1d97773950 00007f1d965bebd1
0x00007f1d977738f0:   0000000000000000 00007f1d90007600
0x00007f1d97773900:   00007f1d900079d8 00000000000003d8
0x00007f1d97773910:   c041c478b4f791cf 00000010963303c7
0x00007f1d97773920:   00007f1d96b14aa0 00007f1d9000a000
0x00007f1d97773930:   00007f1d97773960 00007f1d977739d0
0x00007f1d97773940:   00007f1d9000a1f8 00007f1d96b50220
0x00007f1d97773950:   00007f1d977739c0 00007f1d962b3754
0x00007f1d97773960:   00007f1d96aec490 00007f1d8101306d
0x00007f1d97773970:   0000000000000000 00007f1d00000000
0x00007f1d97773980:   00007f1d9000a000 000040200000401f
0x00007f1d97773990:   00000000eaea81a8 00000000eaec7fb0
0x00007f1d977739a0:   0000000000000000 00007f1d97773f20
0x00007f1d977739b0:   00007f1d97773fc0 00007f1d9000a000
0x00007f1d977739c0:   00007f1d97773a10 00007f1d81191366
0x00007f1d977739d0:   00000000eaec7fb0 00007f1d977739d8
0x00007f1d977739e0:   00000000eaec55e0 00007f1d811c6879
0x00007f1d977739f0:   00000000eaec7f50 0000000000000000
0x00007f1d97773a00:   00007f1d90006030 00000000c55debf4
0x00007f1d97773a10:   00007f1d97773f78 00007f1d8119a62c
0x00007f1d97773a20:   00007f1d97773a80 00007f1d965be513
0x00007f1d97773a30:   00000000eaec5528 00007f1d90007600
0x00007f1d97773a40:   00007f1d9000a7b0 00007f1d940c2bd8
0x00007f1d97773a50:   00007f1d97773a80 0000000000000000
0x00007f1d97773a60:   00007f1d90006030 00000000c55debf4 

Instructions: (pc=0x00007f1d9622dbdc)
0x00007f1d9622dbbc:   d3 e7 48 03 38 eb 09 0f 1f 44 00 00 4a 8b 3c 07
0x00007f1d9622dbcc:   48 8b 05 65 19 8d 00 80 38 01 48 19 c0 83 e0 04
0x00007f1d9622dbdc:   8b 44 07 0c e9 2d ff ff ff 0f 1f 00 49 63 c2 31
0x00007f1d9622dbec:   c9 49 8d 7c 41 10 eb 10 0f 1f 40 00 48 83 c1 01 

Register to memory mapping:

RAX=0x0000000000000000 is an unknown value
RBX=0x00007f1d34028480 is an unknown value
RCX=0x0000000000000000 is an unknown value
RDX=0x0000000000000010 is an unknown value
RSP=0x00007f1d97773870 is pointing into the stack for thread: 0x00007f1d9000a000
RBP=0x00007f1d97773870 is pointing into the stack for thread: 0x00007f1d9000a000
RSI=0x00007f1d90007600 is an unknown value
RDI=0x0000000000000000 is an unknown value
R8 =0x000000000000000c is an unknown value
R9 =0x0000000000000000 is an unknown value
R10=0x0000000000000000 is an unknown value
R11=0x0000000000000001 is an unknown value
R12=0x0000000000000000 is an unknown value
R13=0x0000000083d61705 is an unknown value
R14=0x00007f1d90026b90 is an unknown value
R15=0x0000000000000010 is an unknown value


Stack: [0x00007f1d97675000,0x00007f1d97776000],  sp=0x00007f1d97773870,  free space=1018k
Native frames: (J=compiled Java code, j=interpreted, Vv=VM code, C=native code)
V  [libjvm.so+0x697bdc]  java_lang_String::equals(oopDesc*, unsigned short*, int)+0x11c
V  [libjvm.so+0xa28646]  StringTable::intern(Handle, unsigned short*, int, Thread*)+0xc6
V  [libjvm.so+0xa28bd1]  StringTable::intern(oopDesc*, Thread*)+0x131
V  [libjvm.so+0x71d754]  JVM_InternString+0x1f4
J 245  java.lang.String.intern()Ljava/lang/String; (0 bytes) @ 0x00007f1d81191366 [0x00007f1d811912c0+0xa6]
J 265 C1 com.android.dx.cf.cst.ConstantPoolParser.parseUtf8(I)Lcom/android/dx/rop/cst/CstString; (47 bytes) @ 0x00007f1d8119a62c [0x00007f1d81199fe0+0x64c]
J 268 C1 com.android.dx.cf.cst.ConstantPoolParser.parse0(ILjava/util/BitSet;)Lcom/android/dx/rop/cst/Constant; (731 bytes) @ 0x00007f1d811a1f84 [0x00007f1d8119f320+0x2c64]
J 268 C1 com.android.dx.cf.cst.ConstantPoolParser.parse0(ILjava/util/BitSet;)Lcom/android/dx/rop/cst/Constant; (731 bytes) @ 0x00007f1d811a198c [0x00007f1d8119f320+0x266c]
j  com.android.dx.cf.cst.ConstantPoolParser.parse()V+130
j  com.android.dx.cf.cst.ConstantPoolParser.parseIfNecessary()V+8
j  com.android.dx.cf.cst.ConstantPoolParser.getPool()Lcom/android/dx/rop/cst/StdConstantPool;+1
j  com.android.dx.cf.direct.DirectClassFile.parse0()V+283
j  com.android.dx.cf.direct.DirectClassFile.parse()V+1
J 273 C1 com.android.dx.cf.direct.DirectClassFile.parseToInterfacesIfNecessary()V (13 bytes) @ 0x00007f1d8119c2f4 [0x00007f1d8119c240+0xb4]
j  com.android.dx.cf.direct.DirectClassFile.getMagic()I+1
j  com.android.dx.command.dexer.Main.parseClass(Ljava/lang/String;[B)Lcom/android/dx/cf/direct/DirectClassFile;+27
j  com.android.dx.command.dexer.Main.access$1500(Ljava/lang/String;[B)Lcom/android/dx/cf/direct/DirectClassFile;+2
j  com.android.dx.command.dexer.Main$ClassParserTask.call()Lcom/android/dx/cf/direct/DirectClassFile;+8
j  com.android.dx.command.dexer.Main.processClass(Ljava/lang/String;[B)Z+34
j  com.android.dx.command.dexer.Main.processFileBytes(Ljava/lang/String;J[B)Z+188
j  com.android.dx.command.dexer.Main.access$1200(Ljava/lang/String;J[B)Z+3
j  com.android.dx.command.dexer.Main$FileBytesConsumer.processFileBytes(Ljava/lang/String;J[B)Z+4
j  com.android.dx.cf.direct.ClassPathOpener.processArchive(Ljava/io/File;)Z+203
j  com.android.dx.cf.direct.ClassPathOpener.processOne(Ljava/io/File;Z)Z+48
j  com.android.dx.cf.direct.ClassPathOpener.process()Z+15
j  com.android.dx.command.dexer.Main.processOne(Ljava/lang/String;Lcom/android/dx/cf/direct/ClassPathOpener$FileNameFilter;)V+20
j  com.android.dx.command.dexer.Main.processAllFiles()Z+272
j  com.android.dx.command.dexer.Main.runMonoDex()I+58
j  com.android.dx.command.dexer.Main.run(Lcom/android/dx/command/dexer/Main$Arguments;)I+76
j  com.android.dx.command.dexer.Main.main([Ljava/lang/String;)V+14
j  com.android.dx.command.Main.main([Ljava/lang/String;)V+61
v  ~StubRoutines::call_stub
V  [libjvm.so+0x68e746]  JavaCalls::call_helper(JavaValue*, methodHandle*, JavaCallArguments*, Thread*)+0x1056
V  [libjvm.so+0x6cfde2]  jni_invoke_static(JNIEnv_*, JavaValue*, _jobject*, JNICallType, _jmethodID*, JNI_ArgumentPusher*, Thread*)+0x362
V  [libjvm.so+0x6ec64a]  jni_CallStaticVoidMethod+0x17a
C  [libjli.so+0x7bdf]  JavaMain+0x81f
C  [libpthread.so.0+0x76fa]  start_thread+0xca

Java frames: (J=compiled Java code, j=interpreted, Vv=VM code)
J 245  java.lang.String.intern()Ljava/lang/String; (0 bytes) @ 0x00007f1d811912f8 [0x00007f1d811912c0+0x38]
J 265 C1 com.android.dx.cf.cst.ConstantPoolParser.parseUtf8(I)Lcom/android/dx/rop/cst/CstString; (47 bytes) @ 0x00007f1d8119a62c [0x00007f1d81199fe0+0x64c]
J 268 C1 com.android.dx.cf.cst.ConstantPoolParser.parse0(ILjava/util/BitSet;)Lcom/android/dx/rop/cst/Constant; (731 bytes) @ 0x00007f1d811a1f84 [0x00007f1d8119f320+0x2c64]
J 268 C1 com.android.dx.cf.cst.ConstantPoolParser.parse0(ILjava/util/BitSet;)Lcom/android/dx/rop/cst/Constant; (731 bytes) @ 0x00007f1d811a198c [0x00007f1d8119f320+0x266c]
j  com.android.dx.cf.cst.ConstantPoolParser.parse()V+130
j  com.android.dx.cf.cst.ConstantPoolParser.parseIfNecessary()V+8
j  com.android.dx.cf.cst.ConstantPoolParser.getPool()Lcom/android/dx/rop/cst/StdConstantPool;+1
j  com.android.dx.cf.direct.DirectClassFile.parse0()V+283
j  com.android.dx.cf.direct.DirectClassFile.parse()V+1
J 273 C1 com.android.dx.cf.direct.DirectClassFile.parseToInterfacesIfNecessary()V (13 bytes) @ 0x00007f1d8119c2f4 [0x00007f1d8119c240+0xb4]
j  com.android.dx.cf.direct.DirectClassFile.getMagic()I+1
j  com.android.dx.command.dexer.Main.parseClass(Ljava/lang/String;[B)Lcom/android/dx/cf/direct/DirectClassFile;+27
j  com.android.dx.command.dexer.Main.access$1500(Ljava/lang/String;[B)Lcom/android/dx/cf/direct/DirectClassFile;+2
j  com.android.dx.command.dexer.Main$ClassParserTask.call()Lcom/android/dx/cf/direct/DirectClassFile;+8
j  com.android.dx.command.dexer.Main.processClass(Ljava/lang/String;[B)Z+34
j  com.android.dx.command.dexer.Main.processFileBytes(Ljava/lang/String;J[B)Z+188
j  com.android.dx.command.dexer.Main.access$1200(Ljava/lang/String;J[B)Z+3
j  com.android.dx.command.dexer.Main$FileBytesConsumer.processFileBytes(Ljava/lang/String;J[B)Z+4
j  com.android.dx.cf.direct.ClassPathOpener.processArchive(Ljava/io/File;)Z+203
j  com.android.dx.cf.direct.ClassPathOpener.processOne(Ljava/io/File;Z)Z+48
j  com.android.dx.cf.direct.ClassPathOpener.process()Z+15
j  com.android.dx.command.dexer.Main.processOne(Ljava/lang/String;Lcom/android/dx/cf/direct/ClassPathOpener$FileNameFilter;)V+20
j  com.android.dx.command.dexer.Main.processAllFiles()Z+272
j  com.android.dx.command.dexer.Main.runMonoDex()I+58
j  com.android.dx.command.dexer.Main.run(Lcom/android/dx/command/dexer/Main$Arguments;)I+76
j  com.android.dx.command.dexer.Main.main([Ljava/lang/String;)V+14
j  com.android.dx.command.Main.main([Ljava/lang/String;)V+61
v  ~StubRoutines::call_stub

---------------  P R O C E S S  ---------------

Java Threads: ( => current thread )
  0x00007f1d90147800 JavaThread "pool-1-thread-4" [_thread_in_Java, id=5232, stack(0x00007f1d57eff000,0x00007f1d58000000)]
  0x00007f1d90146000 JavaThread "pool-1-thread-3" [_thread_in_Java, id=5231, stack(0x00007f1d780ca000,0x00007f1d781cb000)]
  0x00007f1d90144800 JavaThread "pool-1-thread-2" [_thread_in_Java, id=5230, stack(0x00007f1d781cb000,0x00007f1d782cc000)]
  0x00007f1d90143000 JavaThread "pool-2-thread-1" [_thread_blocked, id=5229, stack(0x00007f1d782cc000,0x00007f1d783cd000)]
  0x00007f1d90140800 JavaThread "pool-1-thread-1" [_thread_in_Java, id=5228, stack(0x00007f1d783cd000,0x00007f1d784ce000)]
  0x00007f1d900c8000 JavaThread "Service Thread" daemon [_thread_blocked, id=5209, stack(0x00007f1d785cf000,0x00007f1d786d0000)]
  0x00007f1d900bd000 JavaThread "C1 CompilerThread2" daemon [_thread_in_native, id=5198, stack(0x00007f1d786d0000,0x00007f1d787d1000)]
  0x00007f1d900bb800 JavaThread "C2 CompilerThread1" daemon [_thread_in_native, id=5197, stack(0x00007f1d787d1000,0x00007f1d788d2000)]
  0x00007f1d900b8800 JavaThread "C2 CompilerThread0" daemon [_thread_in_native, id=5196, stack(0x00007f1d788d2000,0x00007f1d789d3000)]
  0x00007f1d900b7000 JavaThread "Signal Dispatcher" daemon [_thread_blocked, id=5194, stack(0x00007f1d789d3000,0x00007f1d78ad4000)]
  0x00007f1d90084000 JavaThread "Finalizer" daemon [_thread_blocked, id=5188, stack(0x00007f1d78dac000,0x00007f1d78ead000)]
  0x00007f1d9007f800 JavaThread "Reference Handler" daemon [_thread_blocked, id=5184, stack(0x00007f1d78ead000,0x00007f1d78fae000)]
=>0x00007f1d9000a000 JavaThread "main" [_thread_in_vm, id=5157, stack(0x00007f1d97675000,0x00007f1d97776000)]

Other Threads:
  0x00007f1d90078000 VMThread [stack: 0x00007f1d78fae000,0x00007f1d790af000] [id=5179]
  0x00007f1d900cb000 WatcherThread [stack: 0x00007f1d784ce000,0x00007f1d785cf000] [id=5211]

VM state:not at safepoint (normal execution)

VM Mutex/Monitor currently owned by a thread: None

Heap:
 PSYoungGen      total 33280K, used 9820K [0x00000000eab00000, 0x00000000eec00000, 0x0000000100000000)
  eden space 30720K, 23% used [0x00000000eab00000,0x00000000eb21d558,0x00000000ec900000)
  from space 2560K, 99% used [0x00000000ec900000,0x00000000ecb79aa8,0x00000000ecb80000)
  to   space 2560K, 0% used [0x00000000ee980000,0x00000000ee980000,0x00000000eec00000)
 ParOldGen       total 40960K, used 7446K [0x00000000c0000000, 0x00000000c2800000, 0x00000000eab00000)
  object space 40960K, 18% used [0x00000000c0000000,0x00000000c07459b0,0x00000000c2800000)
 Metaspace       used 5919K, capacity 6896K, committed 7040K, reserved 1056768K
  class space    used 594K, capacity 616K, committed 640K, reserved 1048576K

Card table byte_map: [0x00007f1d9422e000,0x00007f1d9442f000] byte_map_base: 0x00007f1d93c2e000

Marking Bits: (ParMarkBitMap*) 0x00007f1d96b4f4c0
 Begin Bits: [0x00007f1d7a000000, 0x00007f1d7b000000)
 End Bits:   [0x00007f1d7b000000, 0x00007f1d7c000000)

Polling page: 0x00007f1d9779e000

CodeCache: size=245760Kb used=4132Kb max_used=4143Kb free=241627Kb
 bounds [0x00007f1d81000000, 0x00007f1d81420000, 0x00007f1d90000000]
 total_blobs=1402 nmethods=1134 adapters=182
 compilation: enabled

Compilation events (10 events):
Event: 5.409 Thread 0x00007f1d900bd000 nmethod 1404% 0x00007f1d813e4510 code [0x00007f1d813e4700, 0x00007f1d813e5198]
Event: 5.409 Thread 0x00007f1d900bd000 1406 %     3       com.android.dx.ssa.SsaConverter::placePhiFunctions @ 206 (394 bytes)
Event: 5.423 Thread 0x00007f1d900b8800 nmethod 1355 0x00007f1d81408dd0 code [0x00007f1d81408f80, 0x00007f1d81409648]
Event: 5.423 Thread 0x00007f1d900b8800 1383       4       com.android.dx.ssa.SsaMethod$2::visitNonMoveInsn (6 bytes)
Event: 5.424 Thread 0x00007f1d900b8800 nmethod 1383 0x00007f1d813c02d0 code [0x00007f1d813c0420, 0x00007f1d813c04a8]
Event: 5.424 Thread 0x00007f1d900b8800 1407       4       java.util.AbstractMap::<init> (5 bytes)
Event: 5.424 Thread 0x00007f1d900b8800 nmethod 1407 0x00007f1d81397ad0 code [0x00007f1d81397c20, 0x00007f1d81397c78]
Event: 5.424 Thread 0x00007f1d900b8800 1395       4       com.android.dx.rop.type.Type::isCategory2 (36 bytes)
Event: 5.425 Thread 0x00007f1d900b8800 nmethod 1395 0x00007f1d813c41d0 code [0x00007f1d813c4320, 0x00007f1d813c4398]
Event: 5.425 Thread 0x00007f1d900b8800 1388       4       com.android.dx.ssa.SsaRenamer$BlockRenamer::addMapping (143 bytes)

GC Heap History (6 events):
Event: 1.284 GC heap before
{Heap before GC invocations=1 (full 0):
 PSYoungGen      total 17920K, used 15360K [0x00000000eab00000, 0x00000000ebf00000, 0x0000000100000000)
  eden space 15360K, 100% used [0x00000000eab00000,0x00000000eba00000,0x00000000eba00000)
  from space 2560K, 0% used [0x00000000ebc80000,0x00000000ebc80000,0x00000000ebf00000)
  to   space 2560K, 0% used [0x00000000eba00000,0x00000000eba00000,0x00000000ebc80000)
 ParOldGen       total 40960K, used 0K [0x00000000c0000000, 0x00000000c2800000, 0x00000000eab00000)
  object space 40960K, 0% used [0x00000000c0000000,0x00000000c0000000,0x00000000c2800000)
 Metaspace       used 5394K, capacity 6448K, committed 6528K, reserved 1056768K
  class space    used 588K, capacity 616K, committed 640K, reserved 1048576K
Event: 1.317 GC heap after
Heap after GC invocations=1 (full 0):
 PSYoungGen      total 17920K, used 2544K [0x00000000eab00000, 0x00000000ece00000, 0x0000000100000000)
  eden space 15360K, 0% used [0x00000000eab00000,0x00000000eab00000,0x00000000eba00000)
  from space 2560K, 99% used [0x00000000eba00000,0x00000000ebc7c098,0x00000000ebc80000)
  to   space 2560K, 0% used [0x00000000ecb80000,0x00000000ecb80000,0x00000000ece00000)
 ParOldGen       total 40960K, used 761K [0x00000000c0000000, 0x00000000c2800000, 0x00000000eab00000)
  object space 40960K, 1% used [0x00000000c0000000,0x00000000c00be418,0x00000000c2800000)
 Metaspace       used 5394K, capacity 6448K, committed 6528K, reserved 1056768K
  class space    used 588K, capacity 616K, committed 640K, reserved 1048576K
}
Event: 2.696 GC heap before
{Heap before GC invocations=2 (full 0):
 PSYoungGen      total 17920K, used 17904K [0x00000000eab00000, 0x00000000ece00000, 0x0000000100000000)
  eden space 15360K, 100% used [0x00000000eab00000,0x00000000eba00000,0x00000000eba00000)
  from space 2560K, 99% used [0x00000000eba00000,0x00000000ebc7c098,0x00000000ebc80000)
  to   space 2560K, 0% used [0x00000000ecb80000,0x00000000ecb80000,0x00000000ece00000)
 ParOldGen       total 40960K, used 761K [0x00000000c0000000, 0x00000000c2800000, 0x00000000eab00000)
  object space 40960K, 1% used [0x00000000c0000000,0x00000000c00be418,0x00000000c2800000)
 Metaspace       used 5773K, capacity 6768K, committed 7040K, reserved 1056768K
  class space    used 593K, capacity 616K, committed 640K, reserved 1048576K
Event: 2.741 GC heap after
Heap after GC invocations=2 (full 0):
 PSYoungGen      total 33280K, used 2559K [0x00000000eab00000, 0x00000000ece00000, 0x0000000100000000)
  eden space 30720K, 0% used [0x00000000eab00000,0x00000000eab00000,0x00000000ec900000)
  from space 2560K, 99% used [0x00000000ecb80000,0x00000000ecdffd78,0x00000000ece00000)
  to   space 2560K, 0% used [0x00000000ec900000,0x00000000ec900000,0x00000000ecb80000)
 ParOldGen       total 40960K, used 2723K [0x00000000c0000000, 0x00000000c2800000, 0x00000000eab00000)
  object space 40960K, 6% used [0x00000000c0000000,0x00000000c02a8f50,0x00000000c2800000)
 Metaspace       used 5773K, capacity 6768K, committed 7040K, reserved 1056768K
  class space    used 593K, capacity 616K, committed 640K, reserved 1048576K
}
Event: 5.121 GC heap before
{Heap before GC invocations=3 (full 0):
 PSYoungGen      total 33280K, used 33279K [0x00000000eab00000, 0x00000000ece00000, 0x0000000100000000)
  eden space 30720K, 100% used [0x00000000eab00000,0x00000000ec900000,0x00000000ec900000)
  from space 2560K, 99% used [0x00000000ecb80000,0x00000000ecdffd78,0x00000000ece00000)
  to   space 2560K, 0% used [0x00000000ec900000,0x00000000ec900000,0x00000000ecb80000)
 ParOldGen       total 40960K, used 2723K [0x00000000c0000000, 0x00000000c2800000, 0x00000000eab00000)
  object space 40960K, 6% used [0x00000000c0000000,0x00000000c02a8f50,0x00000000c2800000)
 Metaspace       used 5918K, capacity 6896K, committed 7040K, reserved 1056768K
  class space    used 594K, capacity 616K, committed 640K, reserved 1048576K
Event: 5.216 GC heap after
Heap after GC invocations=3 (full 0):
 PSYoungGen      total 33280K, used 2534K [0x00000000eab00000, 0x00000000eec00000, 0x0000000100000000)
  eden space 30720K, 0% used [0x00000000eab00000,0x00000000eab00000,0x00000000ec900000)
  from space 2560K, 99% used [0x00000000ec900000,0x00000000ecb79aa8,0x00000000ecb80000)
  to   space 2560K, 0% used [0x00000000ee980000,0x00000000ee980000,0x00000000eec00000)
 ParOldGen       total 40960K, used 7446K [0x00000000c0000000, 0x00000000c2800000, 0x00000000eab00000)
  object space 40960K, 18% used [0x00000000c0000000,0x00000000c07459b0,0x00000000c2800000)
 Metaspace       used 5918K, capacity 6896K, committed 7040K, reserved 1056768K
  class space    used 594K, capacity 616K, committed 640K, reserved 1048576K
}

Deoptimization events (7 events):
Event: 0.686 Thread 0x00007f1d9000a000 Uncommon trap: reason=unstable_if action=reinterpret pc=0x00007f1d8115c598 method=java.lang.String.compareTo(Ljava/lang/String;)I @ 38
Event: 0.744 Thread 0x00007f1d9000a000 Uncommon trap: reason=unstable_if action=reinterpret pc=0x00007f1d81161250 method=java.lang.String.indexOf(II)I @ 49
Event: 1.367 Thread 0x00007f1d90144800 Uncommon trap: reason=unstable_if action=reinterpret pc=0x00007f1d811ea2f4 method=java.util.HashMap.getNode(ILjava/lang/Object;)Ljava/util/HashMap$Node; @ 62
Event: 1.430 Thread 0x00007f1d90147800 Uncommon trap: reason=unstable_if action=reinterpret pc=0x00007f1d811e95ec method=java.util.BitSet.nextSetBit(I)I @ 87
Event: 2.562 Thread 0x00007f1d90140800 Uncommon trap: reason=unstable_if action=reinterpret pc=0x00007f1d81246540 method=com.android.dx.rop.code.RegisterSpec.equals(ILcom/android/dx/rop/type/TypeBearer;Lcom/android/dx/rop/code/LocalItem;)Z @ 42
Event: 3.114 Thread 0x00007f1d90147800 Uncommon trap: reason=null_check action=make_not_entrant pc=0x00007f1d812c8470 method=com.android.dx.ssa.SsaRenamer.getLocalForNewReg(I)Lcom/android/dx/rop/code/LocalItem; @ 19
Event: 3.874 Thread 0x00007f1d9000a000 Uncommon trap: reason=unstable_if action=reinterpret pc=0x00007f1d8123061c method=com.android.dx.rop.cst.Constant.compareTo(Lcom/android/dx/rop/cst/Constant;)I @ 12

Internal exceptions (3 events):
Event: 0.126 Thread 0x00007f1d9000a000 Exception <a 'java/lang/NoSuchMethodError': Method sun.misc.Unsafe.defineClass(Ljava/lang/String;[BII)Ljava/lang/Class; name or signature does not match> (0x00000000eab07cc0) thrown at [/HUDSON/workspace/8-2-build-linux-amd64/jdk8u92/6642/hotspot/src/shar
Event: 0.127 Thread 0x00007f1d9000a000 Exception <a 'java/lang/NoSuchMethodError': Method sun.misc.Unsafe.prefetchRead(Ljava/lang/Object;J)V name or signature does not match> (0x00000000eab07fa8) thrown at [/HUDSON/workspace/8-2-build-linux-amd64/jdk8u92/6642/hotspot/src/share/vm/prims/jni.cpp
Event: 3.114 Thread 0x00007f1d90147800 Implicit null exception at 0x00007f1d812c54fd to 0x00007f1d812c842d

Events (10 events):
Event: 5.033 Thread 0x00007f1d90144800 DEOPT PACKING pc=0x00007f1d81360c50 sp=0x00007f1d782c9fe0
Event: 5.033 Thread 0x00007f1d90144800 DEOPT UNPACKING pc=0x00007f1d81047633 sp=0x00007f1d782c9e28 mode 0
Event: 5.048 Thread 0x00007f1d90146000 DEOPT PACKING pc=0x00007f1d8128b847 sp=0x00007f1d781c8b70
Event: 5.048 Thread 0x00007f1d90146000 DEOPT UNPACKING pc=0x00007f1d81047633 sp=0x00007f1d781c88d8 mode 0
Event: 5.067 Thread 0x00007f1d90147800 DEOPT PACKING pc=0x00007f1d812a02ad sp=0x00007f1d57ffdd10
Event: 5.067 Thread 0x00007f1d90147800 DEOPT UNPACKING pc=0x00007f1d81047633 sp=0x00007f1d57ffda98 mode 0
Event: 5.113 Executing VM operation: ParallelGCFailedAllocation
Event: 5.216 Executing VM operation: ParallelGCFailedAllocation done
Event: 5.389 Thread 0x00007f1d90146000 DEOPT PACKING pc=0x00007f1d8128b847 sp=0x00007f1d781c8b00
Event: 5.389 Thread 0x00007f1d90146000 DEOPT UNPACKING pc=0x00007f1d81047633 sp=0x00007f1d781c8868 mode 0


Dynamic libraries:
00400000-00401000 r-xp 00000000 08:05 4869825                            /usr/lib/jvm/java-8-oracle/bin/java
00600000-00601000 rw-p 00000000 08:05 4869825                            /usr/lib/jvm/java-8-oracle/bin/java
008eb000-0090c000 rw-p 00000000 00:00 0                                  [heap]
c0000000-c2800000 rw-p 00000000 00:00 0 
c2800000-eab00000 ---p 00000000 00:00 0 
eab00000-eec00000 rw-p 00000000 00:00 0 
eec00000-100000000 ---p 00000000 00:00 0 
100000000-1000a0000 rw-p 00000000 00:00 0 
1000a0000-140000000 ---p 00000000 00:00 0 
7f1d30000000-7f1d30021000 rw-p 00000000 00:00 0 
7f1d30021000-7f1d34000000 ---p 00000000 00:00 0 
7f1d34000000-7f1d3402b000 rw-p 00000000 00:00 0 
7f1d3402b000-7f1d38000000 ---p 00000000 00:00 0 
7f1d38000000-7f1d38021000 rw-p 00000000 00:00 0 
7f1d38021000-7f1d3c000000 ---p 00000000 00:00 0 
7f1d3c000000-7f1d3c021000 rw-p 00000000 00:00 0 
7f1d3c021000-7f1d40000000 ---p 00000000 00:00 0 
7f1d40000000-7f1d40021000 rw-p 00000000 00:00 0 
7f1d40021000-7f1d44000000 ---p 00000000 00:00 0 
7f1d44000000-7f1d4403e000 rw-p 00000000 00:00 0 
7f1d4403e000-7f1d48000000 ---p 00000000 00:00 0 
7f1d48000000-7f1d484d5000 rw-p 00000000 00:00 0 
7f1d484d5000-7f1d4c000000 ---p 00000000 00:00 0 
7f1d4c000000-7f1d4c021000 rw-p 00000000 00:00 0 
7f1d4c021000-7f1d50000000 ---p 00000000 00:00 0 
7f1d50000000-7f1d50350000 rw-p 00000000 00:00 0 
7f1d50350000-7f1d54000000 ---p 00000000 00:00 0 
7f1d57eff000-7f1d57f02000 ---p 00000000 00:00 0 
7f1d57f02000-7f1d58000000 rw-p 00000000 00:00 0 
7f1d58000000-7f1d58021000 rw-p 00000000 00:00 0 
7f1d58021000-7f1d5c000000 ---p 00000000 00:00 0 
7f1d5c000000-7f1d5c021000 rw-p 00000000 00:00 0 
7f1d5c021000-7f1d60000000 ---p 00000000 00:00 0 
7f1d60000000-7f1d6044a000 rw-p 00000000 00:00 0 
7f1d6044a000-7f1d64000000 ---p 00000000 00:00 0 
7f1d64000000-7f1d64021000 rw-p 00000000 00:00 0 
7f1d64021000-7f1d68000000 ---p 00000000 00:00 0 
7f1d68000000-7f1d68021000 rw-p 00000000 00:00 0 
7f1d68021000-7f1d6c000000 ---p 00000000 00:00 0 
7f1d6c000000-7f1d6c021000 rw-p 00000000 00:00 0 
7f1d6c021000-7f1d70000000 ---p 00000000 00:00 0 
7f1d70000000-7f1d70021000 rw-p 00000000 00:00 0 
7f1d70021000-7f1d74000000 ---p 00000000 00:00 0 
7f1d74000000-7f1d74021000 rw-p 00000000 00:00 0 
7f1d74021000-7f1d78000000 ---p 00000000 00:00 0 
7f1d780ca000-7f1d780cd000 ---p 00000000 00:00 0 
7f1d780cd000-7f1d781cb000 rw-p 00000000 00:00 0 
7f1d781cb000-7f1d781ce000 ---p 00000000 00:00 0 
7f1d781ce000-7f1d782cc000 rw-p 00000000 00:00 0 
7f1d782cc000-7f1d782cf000 ---p 00000000 00:00 0 
7f1d782cf000-7f1d783cd000 rw-p 00000000 00:00 0 
7f1d783cd000-7f1d783d0000 ---p 00000000 00:00 0 
7f1d783d0000-7f1d784ce000 rw-p 00000000 00:00 0 
7f1d784ce000-7f1d784cf000 ---p 00000000 00:00 0 
7f1d784cf000-7f1d785cf000 rw-p 00000000 00:00 0 
7f1d785cf000-7f1d785d2000 ---p 00000000 00:00 0 
7f1d785d2000-7f1d786d0000 rw-p 00000000 00:00 0 
7f1d786d0000-7f1d786d3000 ---p 00000000 00:00 0 
7f1d786d3000-7f1d787d1000 rw-p 00000000 00:00 0 
7f1d787d1000-7f1d787d4000 ---p 00000000 00:00 0 
7f1d787d4000-7f1d788d2000 rw-p 00000000 00:00 0 
7f1d788d2000-7f1d788d5000 ---p 00000000 00:00 0 
7f1d788d5000-7f1d789d3000 rw-p 00000000 00:00 0 
7f1d789d3000-7f1d789d6000 ---p 00000000 00:00 0 
7f1d789d6000-7f1d78ad4000 rw-p 00000000 00:00 0 
7f1d78ad4000-7f1d78dac000 r--p 00000000 08:05 4195164                    /usr/lib/locale/locale-archive
7f1d78dac000-7f1d78daf000 ---p 00000000 00:00 0 
7f1d78daf000-7f1d78ead000 rw-p 00000000 00:00 0 
7f1d78ead000-7f1d78eb0000 ---p 00000000 00:00 0 
7f1d78eb0000-7f1d78fae000 rw-p 00000000 00:00 0 
7f1d78fae000-7f1d78faf000 ---p 00000000 00:00 0 
7f1d78faf000-7f1d7c000000 rw-p 00000000 00:00 0 
7f1d7c000000-7f1d7c021000 rw-p 00000000 00:00 0 
7f1d7c021000-7f1d80000000 ---p 00000000 00:00 0 
7f1d80002000-7f1d80023000 rw-p 00000000 00:00 0 
7f1d80023000-7f1d801fc000 r--s 03d24000 08:05 4868269                    /usr/lib/jvm/java-8-oracle/jre/lib/rt.jar
7f1d801fc000-7f1d8083c000 rw-p 00000000 00:00 0 
7f1d8083c000-7f1d809fc000 ---p 00000000 00:00 0 
7f1d809fc000-7f1d80bfc000 rw-p 00000000 00:00 0 
7f1d80bfc000-7f1d80bfd000 ---p 00000000 00:00 0 
7f1d80bfd000-7f1d80cfd000 rw-p 00000000 00:00 0 
7f1d80cfd000-7f1d80cfe000 ---p 00000000 00:00 0 
7f1d80cfe000-7f1d80dfe000 rw-p 00000000 00:00 0 
7f1d80dfe000-7f1d80dff000 ---p 00000000 00:00 0 
7f1d80dff000-7f1d80eff000 rw-p 00000000 00:00 0 
7f1d80eff000-7f1d80f00000 ---p 00000000 00:00 0 
7f1d80f00000-7f1d81000000 rw-p 00000000 00:00 0 
7f1d81000000-7f1d81420000 rwxp 00000000 00:00 0 
7f1d81420000-7f1d90000000 ---p 00000000 00:00 0 
7f1d90000000-7f1d903ff000 rw-p 00000000 00:00 0 
7f1d903ff000-7f1d94000000 ---p 00000000 00:00 0 
7f1d94007000-7f1d94011000 r--s 0008b000 08:02 18355429                   /media/data/work/WaterDistributionLog/app/build/intermediates/exploded-aar/com.android.support/appcompat-v7/23.3.0/jars/classes.jar
7f1d94011000-7f1d94020000 r--s 000df000 08:02 22162493                   /media/data/Android/Sdk/build-tools/23.0.2/lib/dx.jar
7f1d94020000-7f1d940ec000 rw-p 00000000 00:00 0 
7f1d940ec000-7f1d9422e000 ---p 00000000 00:00 0 
7f1d9422e000-7f1d94242000 rw-p 00000000 00:00 0 
7f1d94242000-7f1d94383000 ---p 00000000 00:00 0 
7f1d94383000-7f1d943a4000 rw-p 00000000 00:00 0 
7f1d943a4000-7f1d9442e000 ---p 00000000 00:00 0 
7f1d9442e000-7f1d94440000 rw-p 00000000 00:00 0 
7f1d94440000-7f1d947ef000 ---p 00000000 00:00 0 
7f1d947ef000-7f1d94809000 r-xp 00000000 08:05 4868008                    /usr/lib/jvm/java-8-oracle/jre/lib/amd64/libzip.so
7f1d94809000-7f1d94a09000 ---p 0001a000 08:05 4868008                    /usr/lib/jvm/java-8-oracle/jre/lib/amd64/libzip.so
7f1d94a09000-7f1d94a0a000 rw-p 0001a000 08:05 4868008                    /usr/lib/jvm/java-8-oracle/jre/lib/amd64/libzip.so
7f1d94a0a000-7f1d94a15000 r-xp 00000000 08:05 4729416                    /lib/x86_64-linux-gnu/libnss_files-2.23.so
7f1d94a15000-7f1d94c14000 ---p 0000b000 08:05 4729416                    /lib/x86_64-linux-gnu/libnss_files-2.23.so
7f1d94c14000-7f1d94c15000 r--p 0000a000 08:05 4729416                    /lib/x86_64-linux-gnu/libnss_files-2.23.so
7f1d94c15000-7f1d94c16000 rw-p 0000b000 08:05 4729416                    /lib/x86_64-linux-gnu/libnss_files-2.23.so
7f1d94c16000-7f1d94c1c000 rw-p 00000000 00:00 0 
7f1d94c1c000-7f1d94c27000 r-xp 00000000 08:05 4729329                    /lib/x86_64-linux-gnu/libnss_nis-2.23.so
7f1d94c27000-7f1d94e26000 ---p 0000b000 08:05 4729329                    /lib/x86_64-linux-gnu/libnss_nis-2.23.so
7f1d94e26000-7f1d94e27000 r--p 0000a000 08:05 4729329                    /lib/x86_64-linux-gnu/libnss_nis-2.23.so
7f1d94e27000-7f1d94e28000 rw-p 0000b000 08:05 4729329                    /lib/x86_64-linux-gnu/libnss_nis-2.23.so
7f1d94e28000-7f1d94e3e000 r-xp 00000000 08:05 4729244                    /lib/x86_64-linux-gnu/libnsl-2.23.so
7f1d94e3e000-7f1d9503d000 ---p 00016000 08:05 4729244                    /lib/x86_64-linux-gnu/libnsl-2.23.so
7f1d9503d000-7f1d9503e000 r--p 00015000 08:05 4729244                    /lib/x86_64-linux-gnu/libnsl-2.23.so
7f1d9503e000-7f1d9503f000 rw-p 00016000 08:05 4729244                    /lib/x86_64-linux-gnu/libnsl-2.23.so
7f1d9503f000-7f1d95041000 rw-p 00000000 00:00 0 
7f1d95041000-7f1d95049000 r-xp 00000000 08:05 4729231                    /lib/x86_64-linux-gnu/libnss_compat-2.23.so
7f1d95049000-7f1d95248000 ---p 00008000 08:05 4729231                    /lib/x86_64-linux-gnu/libnss_compat-2.23.so
7f1d95248000-7f1d95249000 r--p 00007000 08:05 4729231                    /lib/x86_64-linux-gnu/libnss_compat-2.23.so
7f1d95249000-7f1d9524a000 rw-p 00008000 08:05 4729231                    /lib/x86_64-linux-gnu/libnss_compat-2.23.so
7f1d9524a000-7f1d95274000 r-xp 00000000 08:05 4868063                    /usr/lib/jvm/java-8-oracle/jre/lib/amd64/libjava.so
7f1d95274000-7f1d95474000 ---p 0002a000 08:05 4868063                    /usr/lib/jvm/java-8-oracle/jre/lib/amd64/libjava.so
7f1d95474000-7f1d95476000 rw-p 0002a000 08:05 4868063                    /usr/lib/jvm/java-8-oracle/jre/lib/amd64/libjava.so
7f1d95476000-7f1d95483000 r-xp 00000000 08:05 4868135                    /usr/lib/jvm/java-8-oracle/jre/lib/amd64/libverify.so
7f1d95483000-7f1d95683000 ---p 0000d000 08:05 4868135                    /usr/lib/jvm/java-8-oracle/jre/lib/amd64/libverify.so
7f1d95683000-7f1d95685000 rw-p 0000d000 08:05 4868135                    /usr/lib/jvm/java-8-oracle/jre/lib/amd64/libverify.so
7f1d95685000-7f1d9568c000 r-xp 00000000 08:05 4738741                    /lib/x86_64-linux-gnu/librt-2.23.so
7f1d9568c000-7f1d9588b000 ---p 00007000 08:05 4738741                    /lib/x86_64-linux-gnu/librt-2.23.so
7f1d9588b000-7f1d9588c000 r--p 00006000 08:05 4738741                    /lib/x86_64-linux-gnu/librt-2.23.so
7f1d9588c000-7f1d9588d000 rw-p 00007000 08:05 4738741                    /lib/x86_64-linux-gnu/librt-2.23.so
7f1d9588d000-7f1d95995000 r-xp 00000000 08:05 4738730                    /lib/x86_64-linux-gnu/libm-2.23.so
7f1d95995000-7f1d95b94000 ---p 00108000 08:05 4738730                    /lib/x86_64-linux-gnu/libm-2.23.so
7f1d95b94000-7f1d95b95000 r--p 00107000 08:05 4738730                    /lib/x86_64-linux-gnu/libm-2.23.so
7f1d95b95000-7f1d95b96000 rw-p 00108000 08:05 4738730                    /lib/x86_64-linux-gnu/libm-2.23.so
7f1d95b96000-7f1d96859000 r-xp 00000000 08:05 4854288                    /usr/lib/jvm/java-8-oracle/jre/lib/amd64/server/libjvm.so
7f1d96859000-7f1d96a58000 ---p 00cc3000 08:05 4854288                    /usr/lib/jvm/java-8-oracle/jre/lib/amd64/server/libjvm.so
7f1d96a58000-7f1d96b31000 rw-p 00cc2000 08:05 4854288                    /usr/lib/jvm/java-8-oracle/jre/lib/amd64/server/libjvm.so
7f1d96b31000-7f1d96b7c000 rw-p 00000000 00:00 0 
7f1d96b7c000-7f1d96d3c000 r-xp 00000000 08:05 4743919                    /lib/x86_64-linux-gnu/libc-2.23.so
7f1d96d3c000-7f1d96f3b000 ---p 001c0000 08:05 4743919                    /lib/x86_64-linux-gnu/libc-2.23.so
7f1d96f3b000-7f1d96f3f000 r--p 001bf000 08:05 4743919                    /lib/x86_64-linux-gnu/libc-2.23.so
7f1d96f3f000-7f1d96f41000 rw-p 001c3000 08:05 4743919                    /lib/x86_64-linux-gnu/libc-2.23.so
7f1d96f41000-7f1d96f45000 rw-p 00000000 00:00 0 
7f1d96f45000-7f1d96f48000 r-xp 00000000 08:05 4743923                    /lib/x86_64-linux-gnu/libdl-2.23.so
7f1d96f48000-7f1d97147000 ---p 00003000 08:05 4743923                    /lib/x86_64-linux-gnu/libdl-2.23.so
7f1d97147000-7f1d97148000 r--p 00002000 08:05 4743923                    /lib/x86_64-linux-gnu/libdl-2.23.so
7f1d97148000-7f1d97149000 rw-p 00003000 08:05 4743923                    /lib/x86_64-linux-gnu/libdl-2.23.so
7f1d97149000-7f1d9715e000 r-xp 00000000 08:05 4868534                    /usr/lib/jvm/java-8-oracle/lib/amd64/jli/libjli.so
7f1d9715e000-7f1d9735e000 ---p 00015000 08:05 4868534                    /usr/lib/jvm/java-8-oracle/lib/amd64/jli/libjli.so
7f1d9735e000-7f1d9735f000 rw-p 00015000 08:05 4868534                    /usr/lib/jvm/java-8-oracle/lib/amd64/jli/libjli.so
7f1d9735f000-7f1d97377000 r-xp 00000000 08:05 4743915                    /lib/x86_64-linux-gnu/libpthread-2.23.so
7f1d97377000-7f1d97576000 ---p 00018000 08:05 4743915                    /lib/x86_64-linux-gnu/libpthread-2.23.so
7f1d97576000-7f1d97577000 r--p 00017000 08:05 4743915                    /lib/x86_64-linux-gnu/libpthread-2.23.so
7f1d97577000-7f1d97578000 rw-p 00018000 08:05 4743915                    /lib/x86_64-linux-gnu/libpthread-2.23.so
7f1d97578000-7f1d9757c000 rw-p 00000000 00:00 0 
7f1d9757c000-7f1d975a2000 r-xp 00000000 08:05 4738744                    /lib/x86_64-linux-gnu/ld-2.23.so
7f1d975a3000-7f1d97675000 rw-p 00000000 00:00 0 
7f1d97675000-7f1d97678000 ---p 00000000 00:00 0 
7f1d97678000-7f1d9777a000 rw-p 00000000 00:00 0 
7f1d97781000-7f1d97795000 rw-p 00000000 00:00 0 
7f1d97795000-7f1d9779d000 rw-s 00000000 08:05 2097252                    /tmp/hsperfdata_abhijitsinha/5149
7f1d9779d000-7f1d9779e000 rw-p 00000000 00:00 0 
7f1d9779e000-7f1d9779f000 r--p 00000000 00:00 0 
7f1d9779f000-7f1d977a1000 rw-p 00000000 00:00 0 
7f1d977a1000-7f1d977a2000 r--p 00025000 08:05 4738744                    /lib/x86_64-linux-gnu/ld-2.23.so
7f1d977a2000-7f1d977a3000 rw-p 00026000 08:05 4738744                    /lib/x86_64-linux-gnu/ld-2.23.so
7f1d977a3000-7f1d977a4000 rw-p 00000000 00:00 0 
7fff32508000-7fff3252a000 rw-p 00000000 00:00 0                          [stack]
7fff325d2000-7fff325d4000 r--p 00000000 00:00 0                          [vvar]
7fff325d4000-7fff325d6000 r-xp 00000000 00:00 0                          [vdso]
ffffffffff600000-ffffffffff601000 r-xp 00000000 00:00 0                  [vsyscall]

VM Arguments:
jvm_args: -Djava.awt.headless=true -Xmx1024M -Dfile.encoding=UTF-8 -Duser.country=IN -Duser.language=en -Duser.variant 
java_command: com.android.dx.command.Main --dex --num-threads=4 --output /media/data/work/WaterDistributionLog/app/build/intermediates/pre-dexed/debug/com.android.support-appcompat-v7-23.3.0_7e7053f0d31cbf6658a56fec323e3af87766077c.jar /media/data/work/WaterDistributionLog/app/build/intermediates/exploded-aar/com.android.support/appcompat-v7/23.3.0/jars/classes.jar
java_class_path (initial): /media/data/Android/Sdk/build-tools/23.0.2/lib/dx.jar
Launcher Type: SUN_STANDARD

Environment Variables:
PATH=/home/abhijitsinha/Android/Sdk/platform-tools:/usr/local/sbin:/usr/local/bin:/usr/sbin:/usr/bin:/sbin:/bin:/usr/games:/usr/local/games:/snap/bin:/home/abhijitsinha/google_appengine:/home/abhijitsinha/Documents/scripts
LD_LIBRARY_PATH=.:
SHELL=/bin/bash
DISPLAY=:0

Signal Handlers:
SIGSEGV: [libjvm.so+0xabdee0], sa_mask[0]=11111111011111111101111111111110, sa_flags=SA_RESTART|SA_SIGINFO
SIGBUS: [libjvm.so+0xabdee0], sa_mask[0]=11111111011111111101111111111110, sa_flags=SA_RESTART|SA_SIGINFO
SIGFPE: [libjvm.so+0x91a580], sa_mask[0]=11111111011111111101111111111110, sa_flags=SA_RESTART|SA_SIGINFO
SIGPIPE: [libjvm.so+0x91a580], sa_mask[0]=11111111011111111101111111111110, sa_flags=SA_RESTART|SA_SIGINFO
SIGXFSZ: [libjvm.so+0x91a580], sa_mask[0]=11111111011111111101111111111110, sa_flags=SA_RESTART|SA_SIGINFO
SIGILL: [libjvm.so+0x91a580], sa_mask[0]=11111111011111111101111111111110, sa_flags=SA_RESTART|SA_SIGINFO
SIGUSR1: SIG_DFL, sa_mask[0]=00000000000000000000000000000000, sa_flags=none
SIGUSR2: [libjvm.so+0x91bbb0], sa_mask[0]=00100000000000000000000000000000, sa_flags=SA_RESTART|SA_SIGINFO
SIGHUP: [libjvm.so+0x91cfb0], sa_mask[0]=11111111011111111101111111111110, sa_flags=SA_RESTART|SA_SIGINFO
SIGINT: [libjvm.so+0x91cfb0], sa_mask[0]=11111111011111111101111111111110, sa_flags=SA_RESTART|SA_SIGINFO
SIGTERM: [libjvm.so+0x91cfb0], sa_mask[0]=11111111011111111101111111111110, sa_flags=SA_RESTART|SA_SIGINFO
SIGQUIT: [libjvm.so+0x91cfb0], sa_mask[0]=11111111011111111101111111111110, sa_flags=SA_RESTART|SA_SIGINFO


---------------  S Y S T E M  ---------------

OS:DISTRIB_ID=Ubuntu
DISTRIB_RELEASE=16.04
DISTRIB_CODENAME=xenial
DISTRIB_DESCRIPTION="Ubuntu 16.04 LTS"

uname:Linux 4.4.0-22-generic #40-Ubuntu SMP Thu May 12 22:03:46 UTC 2016 x86_64
libc:glibc 2.23 NPTL 2.23 
rlimit: STACK 8192k, CORE 0k, NPROC 15155, NOFILE 65536, AS infinity
load average:4.11 1.87 0.98

/proc/meminfo:
MemTotal:        3918744 kB
MemFree:           38852 kB
MemAvailable:     824524 kB
Buffers:           98036 kB
Cached:           702068 kB
SwapCached:         4068 kB
Active:          2610704 kB
Inactive:        1018992 kB
Active(anon):    2194256 kB
Inactive(anon):   732292 kB
Active(file):     416448 kB
Inactive(file):   286700 kB
Unevictable:         340 kB
Mlocked:             340 kB
SwapTotal:       3999740 kB
SwapFree:        3832652 kB
Dirty:             25380 kB
Writeback:             0 kB
AnonPages:       2826876 kB
Mapped:           146320 kB
Shmem:             96720 kB
Slab:             147956 kB
SReclaimable:     111756 kB
SUnreclaim:        36200 kB
KernelStack:       12240 kB
PageTables:        37260 kB
NFS_Unstable:          0 kB
Bounce:                0 kB
WritebackTmp:          0 kB
CommitLimit:     5959112 kB
Committed_AS:    7315828 kB
VmallocTotal:   34359738367 kB
VmallocUsed:           0 kB
VmallocChunk:          0 kB
HardwareCorrupted:     0 kB
AnonHugePages:   1030144 kB
CmaTotal:              0 kB
CmaFree:               0 kB
HugePages_Total:       0
HugePages_Free:        0
HugePages_Rsvd:        0
HugePages_Surp:        0
Hugepagesize:       2048 kB
DirectMap4k:      175868 kB
DirectMap2M:     3891200 kB


CPU:total 4 (2 cores per cpu, 2 threads per core) family 6 model 58 stepping 9, cmov, cx8, fxsr, mmx, sse, sse2, sse3, ssse3, sse4.1, sse4.2, popcnt, avx, aes, clmul, erms, ht, tsc, tscinvbit, tscinv

/proc/cpuinfo:
processor	: 0
vendor_id	: GenuineIntel
cpu family	: 6
model		: 58
model name	: Intel(R) Core(TM) i5-3230M CPU @ 2.60GHz
stepping	: 9
microcode	: 0x15
cpu MHz		: 1799.992
cache size	: 3072 KB
physical id	: 0
siblings	: 4
core id		: 0
cpu cores	: 2
apicid		: 0
initial apicid	: 0
fpu		: yes
fpu_exception	: yes
cpuid level	: 13
wp		: yes
flags		: fpu vme de pse tsc msr pae mce cx8 apic sep mtrr pge mca cmov pat pse36 clflush dts acpi mmx fxsr sse sse2 ss ht tm pbe syscall nx rdtscp lm constant_tsc arch_perfmon pebs bts rep_good nopl xtopology nonstop_tsc aperfmperf eagerfpu pni pclmulqdq dtes64 monitor ds_cpl vmx est tm2 ssse3 cx16 xtpr pdcm pcid sse4_1 sse4_2 x2apic popcnt tsc_deadline_timer aes xsave avx f16c rdrand lahf_lm epb tpr_shadow vnmi flexpriority ept vpid fsgsbase smep erms xsaveopt dtherm ida arat pln pts
bugs		:
bogomips	: 5188.26
clflush size	: 64
cache_alignment	: 64
address sizes	: 36 bits physical, 48 bits virtual
power management:

processor	: 1
vendor_id	: GenuineIntel
cpu family	: 6
model		: 58
model name	: Intel(R) Core(TM) i5-3230M CPU @ 2.60GHz
stepping	: 9
microcode	: 0x15
cpu MHz		: 1799.992
cache size	: 3072 KB
physical id	: 0
siblings	: 4
core id		: 0
cpu cores	: 2
apicid		: 1
initial apicid	: 1
fpu		: yes
fpu_exception	: yes
cpuid level	: 13
wp		: yes
flags		: fpu vme de pse tsc msr pae mce cx8 apic sep mtrr pge mca cmov pat pse36 clflush dts acpi mmx fxsr sse sse2 ss ht tm pbe syscall nx rdtscp lm constant_tsc arch_perfmon pebs bts rep_good nopl xtopology nonstop_tsc aperfmperf eagerfpu pni pclmulqdq dtes64 monitor ds_cpl vmx est tm2 ssse3 cx16 xtpr pdcm pcid sse4_1 sse4_2 x2apic popcnt tsc_deadline_timer aes xsave avx f16c rdrand lahf_lm epb tpr_shadow vnmi flexpriority ept vpid fsgsbase smep erms xsaveopt dtherm ida arat pln pts
bugs		:
bogomips	: 5188.26
clflush size	: 64
cache_alignment	: 64
address sizes	: 36 bits physical, 48 bits virtual
power management:

processor	: 2
vendor_id	: GenuineIntel
cpu family	: 6
model		: 58
model name	: Intel(R) Core(TM) i5-3230M CPU @ 2.60GHz
stepping	: 9
microcode	: 0x15
cpu MHz		: 1799.992
cache size	: 3072 KB
physical id	: 0
siblings	: 4
core id		: 1
cpu cores	: 2
apicid		: 2
initial apicid	: 2
fpu		: yes
fpu_exception	: yes
cpuid level	: 13
wp		: yes
flags		: fpu vme de pse tsc msr pae mce cx8 apic sep mtrr pge mca cmov pat pse36 clflush dts acpi mmx fxsr sse sse2 ss ht tm pbe syscall nx rdtscp lm constant_tsc arch_perfmon pebs bts rep_good nopl xtopology nonstop_tsc aperfmperf eagerfpu pni pclmulqdq dtes64 monitor ds_cpl vmx est tm2 ssse3 cx16 xtpr pdcm pcid sse4_1 sse4_2 x2apic popcnt tsc_deadline_timer aes xsave avx f16c rdrand lahf_lm epb tpr_shadow vnmi flexpriority ept vpid fsgsbase smep erms xsaveopt dtherm ida arat pln pts
bugs		:
bogomips	: 5188.26
clflush size	: 64
cache_alignment	: 64
address sizes	: 36 bits physical, 48 bits virtual
power management:

processor	: 3
vendor_id	: GenuineIntel
cpu family	: 6
model		: 58
model name	: Intel(R) Core(TM) i5-3230M CPU @ 2.60GHz
stepping	: 9
microcode	: 0x15
cpu MHz		: 1799.992
cache size	: 3072 KB
physical id	: 0
siblings	: 4
core id		: 1
cpu cores	: 2
apicid		: 3
initial apicid	: 3
fpu		: yes
fpu_exception	: yes
cpuid level	: 13
wp		: yes
flags		: fpu vme de pse tsc msr pae mce cx8 apic sep mtrr pge mca cmov pat pse36 clflush dts acpi mmx fxsr sse sse2 ss ht tm pbe syscall nx rdtscp lm constant_tsc arch_perfmon pebs bts rep_good nopl xtopology nonstop_tsc aperfmperf eagerfpu pni pclmulqdq dtes64 monitor ds_cpl vmx est tm2 ssse3 cx16 xtpr pdcm pcid sse4_1 sse4_2 x2apic popcnt tsc_deadline_timer aes xsave avx f16c rdrand lahf_lm epb tpr_shadow vnmi flexpriority ept vpid fsgsbase smep erms xsaveopt dtherm ida arat pln pts
bugs		:
bogomips	: 5188.26
clflush size	: 64
cache_alignment	: 64
address sizes	: 36 bits physical, 48 bits virtual
power management:



Memory: 4k page, physical 3918744k(38608k free), swap 3999740k(3832652k free)

vm_info: Java HotSpot(TM) 64-Bit Server VM (25.92-b14) for linux-amd64 JRE (1.8.0_92-b14), built on Mar 31 2016 21:08:29 by "java_re" with gcc 4.3.0 20080428 (Red Hat 4.3.0-8)

time: Mon Jun 13 19:19:16 2016
elapsed time: 5 seconds (0d 0h 0m 5s)

